
                                         
  The "--emails" option does not exist.  
                                         

Schedule worker started successfully.

Execution #1 output:
No scheduled commands are ready to run.

Execution #2 output:
No scheduled commands are ready to run.

Execution #3 output:
No scheduled commands are ready to run.

Execution #4 output:
No scheduled commands are ready to run.

Execution #5 output:
No scheduled commands are ready to run.

Execution #6 output:
No scheduled commands are ready to run.

Execution #7 output:
No scheduled commands are ready to run.

Execution #8 output:
No scheduled commands are ready to run.

Execution #9 output:
No scheduled commands are ready to run.

Execution #10 output:
No scheduled commands are ready to run.

Execution #11 output:
No scheduled commands are ready to run.

Execution #12 output:
No scheduled commands are ready to run.

Execution #13 output:
No scheduled commands are ready to run.

Execution #14 output:
No scheduled commands are ready to run.

Execution #15 output:
No scheduled commands are ready to run.

Execution #16 output:
No scheduled commands are ready to run.

Execution #17 output:
No scheduled commands are ready to run.

Execution #18 output:
No scheduled commands are ready to run.

Execution #19 output:
No scheduled commands are ready to run.

Execution #20 output:
No scheduled commands are ready to run.

Execution #21 output:
No scheduled commands are ready to run.

Execution #22 output:
No scheduled commands are ready to run.

Execution #23 output:
No scheduled commands are ready to run.

Execution #24 output:
No scheduled commands are ready to run.

Execution #25 output:
No scheduled commands are ready to run.

Execution #26 output:
No scheduled commands are ready to run.

Execution #27 output:
No scheduled commands are ready to run.

Execution #28 output:
No scheduled commands are ready to run.

Execution #29 output:
No scheduled commands are ready to run.

Execution #30 output:
No scheduled commands are ready to run.

Execution #31 output:
No scheduled commands are ready to run.

Execution #32 output:
No scheduled commands are ready to run.

Execution #33 output:
No scheduled commands are ready to run.

Execution #34 output:
No scheduled commands are ready to run.

Execution #35 output:
No scheduled commands are ready to run.

Execution #36 output:
No scheduled commands are ready to run.

Execution #37 output:
No scheduled commands are ready to run.

Execution #38 output:
No scheduled commands are ready to run.

Execution #39 output:
No scheduled commands are ready to run.

Execution #40 output:
No scheduled commands are ready to run.

Execution #41 output:
No scheduled commands are ready to run.

Execution #42 output:
No scheduled commands are ready to run.

Execution #43 output:
No scheduled commands are ready to run.

Execution #44 output:
No scheduled commands are ready to run.

Execution #45 output:
No scheduled commands are ready to run.

Execution #46 output:
No scheduled commands are ready to run.

Execution #47 output:
No scheduled commands are ready to run.

Execution #48 output:
No scheduled commands are ready to run.

Execution #49 output:
No scheduled commands are ready to run.

Execution #50 output:
No scheduled commands are ready to run.

Execution #51 output:
No scheduled commands are ready to run.

Execution #52 output:
No scheduled commands are ready to run.

Execution #53 output:
No scheduled commands are ready to run.

Execution #54 output:
No scheduled commands are ready to run.

Execution #55 output:
No scheduled commands are ready to run.

Execution #56 output:
No scheduled commands are ready to run.

Execution #57 output:
No scheduled commands are ready to run.

Execution #58 output:
No scheduled commands are ready to run.

Execution #59 output:
No scheduled commands are ready to run.

Execution #60 output:
No scheduled commands are ready to run.

Execution #61 output:
No scheduled commands are ready to run.

Execution #62 output:
No scheduled commands are ready to run.

Execution #63 output:
No scheduled commands are ready to run.

Execution #64 output:
No scheduled commands are ready to run.

Execution #65 output:
No scheduled commands are ready to run.

Execution #66 output:
No scheduled commands are ready to run.

Execution #67 output:
No scheduled commands are ready to run.

Execution #68 output:
No scheduled commands are ready to run.

Execution #69 output:
No scheduled commands are ready to run.

Execution #70 output:
No scheduled commands are ready to run.

Execution #71 output:
No scheduled commands are ready to run.

Execution #72 output:
No scheduled commands are ready to run.

Execution #73 output:
No scheduled commands are ready to run.

Execution #74 output:
No scheduled commands are ready to run.

Execution #75 output:
No scheduled commands are ready to run.

Execution #76 output:
No scheduled commands are ready to run.

Execution #77 output:
No scheduled commands are ready to run.

Execution #78 output:
No scheduled commands are ready to run.

Execution #79 output:
No scheduled commands are ready to run.

Execution #80 output:
No scheduled commands are ready to run.

Execution #81 output:
No scheduled commands are ready to run.

Execution #82 output:
No scheduled commands are ready to run.

Execution #83 output:
No scheduled commands are ready to run.

Execution #84 output:
No scheduled commands are ready to run.

Execution #85 output:
No scheduled commands are ready to run.

Execution #86 output:
No scheduled commands are ready to run.

Execution #87 output:
No scheduled commands are ready to run.

Execution #88 output:
No scheduled commands are ready to run.

Execution #89 output:
No scheduled commands are ready to run.

Execution #90 output:
No scheduled commands are ready to run.

Execution #91 output:
No scheduled commands are ready to run.

Execution #92 output:
No scheduled commands are ready to run.

Execution #93 output:
No scheduled commands are ready to run.

Execution #94 output:
No scheduled commands are ready to run.

Execution #95 output:
No scheduled commands are ready to run.

Execution #96 output:
No scheduled commands are ready to run.

Execution #97 output:
No scheduled commands are ready to run.

Execution #98 output:
No scheduled commands are ready to run.

Execution #99 output:
No scheduled commands are ready to run.

Execution #100 output:
No scheduled commands are ready to run.

Execution #101 output:
No scheduled commands are ready to run.

Execution #102 output:
No scheduled commands are ready to run.

Execution #103 output:
No scheduled commands are ready to run.

Execution #104 output:
No scheduled commands are ready to run.

Execution #105 output:
No scheduled commands are ready to run.

Execution #106 output:
No scheduled commands are ready to run.

Execution #107 output:
No scheduled commands are ready to run.

Execution #108 output:
No scheduled commands are ready to run.

Execution #109 output:
No scheduled commands are ready to run.

Execution #110 output:
No scheduled commands are ready to run.

Execution #111 output:
No scheduled commands are ready to run.

Execution #112 output:
No scheduled commands are ready to run.

Execution #113 output:
No scheduled commands are ready to run.

Execution #114 output:
No scheduled commands are ready to run.

Execution #115 output:
No scheduled commands are ready to run.

Execution #116 output:
No scheduled commands are ready to run.

Execution #117 output:
No scheduled commands are ready to run.

Execution #118 output:
No scheduled commands are ready to run.

Execution #119 output:
No scheduled commands are ready to run.

Execution #120 output:
No scheduled commands are ready to run.

Execution #121 output:
No scheduled commands are ready to run.

Execution #122 output:
No scheduled commands are ready to run.

Execution #123 output:
No scheduled commands are ready to run.

Execution #124 output:
No scheduled commands are ready to run.

Execution #125 output:
No scheduled commands are ready to run.

Execution #126 output:
No scheduled commands are ready to run.

Execution #127 output:
No scheduled commands are ready to run.

Execution #128 output:
No scheduled commands are ready to run.

Execution #129 output:
No scheduled commands are ready to run.

Execution #130 output:
No scheduled commands are ready to run.

Execution #131 output:
No scheduled commands are ready to run.

Execution #132 output:
No scheduled commands are ready to run.

Execution #133 output:
No scheduled commands are ready to run.

Execution #134 output:
No scheduled commands are ready to run.

Execution #135 output:
No scheduled commands are ready to run.

Execution #136 output:
No scheduled commands are ready to run.

Execution #137 output:
No scheduled commands are ready to run.

Execution #138 output:
No scheduled commands are ready to run.

Execution #139 output:
No scheduled commands are ready to run.

Execution #140 output:
No scheduled commands are ready to run.

Execution #141 output:
No scheduled commands are ready to run.

Execution #142 output:
No scheduled commands are ready to run.

Execution #143 output:
No scheduled commands are ready to run.

Execution #144 output:
No scheduled commands are ready to run.

Execution #145 output:
No scheduled commands are ready to run.

Execution #146 output:
No scheduled commands are ready to run.

Execution #147 output:
No scheduled commands are ready to run.

Execution #148 output:
No scheduled commands are ready to run.

Execution #149 output:
No scheduled commands are ready to run.

Execution #150 output:
No scheduled commands are ready to run.

Execution #151 output:
No scheduled commands are ready to run.

Execution #152 output:
No scheduled commands are ready to run.

Execution #153 output:
No scheduled commands are ready to run.

Execution #154 output:
No scheduled commands are ready to run.

Execution #155 output:
No scheduled commands are ready to run.

Execution #156 output:
No scheduled commands are ready to run.

Execution #157 output:
No scheduled commands are ready to run.

Execution #158 output:
No scheduled commands are ready to run.

Execution #159 output:
No scheduled commands are ready to run.

Execution #160 output:
No scheduled commands are ready to run.

Execution #161 output:
No scheduled commands are ready to run.

Execution #162 output:
No scheduled commands are ready to run.

Execution #163 output:
No scheduled commands are ready to run.

Execution #164 output:
No scheduled commands are ready to run.

Execution #165 output:
No scheduled commands are ready to run.

Execution #166 output:
No scheduled commands are ready to run.

Execution #167 output:
No scheduled commands are ready to run.

Execution #168 output:
No scheduled commands are ready to run.

Execution #169 output:
No scheduled commands are ready to run.

Execution #170 output:
No scheduled commands are ready to run.

Execution #171 output:
No scheduled commands are ready to run.

Execution #172 output:
No scheduled commands are ready to run.

Execution #173 output:
No scheduled commands are ready to run.

Execution #174 output:
No scheduled commands are ready to run.

Execution #175 output:
No scheduled commands are ready to run.

Execution #176 output:
No scheduled commands are ready to run.

Execution #177 output:
No scheduled commands are ready to run.

Execution #178 output:
No scheduled commands are ready to run.

Execution #179 output:
No scheduled commands are ready to run.

Execution #180 output:
No scheduled commands are ready to run.

Execution #181 output:
No scheduled commands are ready to run.

Execution #182 output:
No scheduled commands are ready to run.

Execution #183 output:
No scheduled commands are ready to run.

Execution #184 output:
No scheduled commands are ready to run.

Execution #185 output:
No scheduled commands are ready to run.

Execution #186 output:
No scheduled commands are ready to run.

Execution #187 output:
No scheduled commands are ready to run.

Execution #188 output:
No scheduled commands are ready to run.

Execution #189 output:
No scheduled commands are ready to run.

Execution #190 output:
No scheduled commands are ready to run.

Execution #191 output:
No scheduled commands are ready to run.

Execution #192 output:
No scheduled commands are ready to run.

Execution #193 output:
No scheduled commands are ready to run.

Execution #194 output:
No scheduled commands are ready to run.

Execution #195 output:
No scheduled commands are ready to run.

Execution #196 output:
No scheduled commands are ready to run.

Execution #197 output:
No scheduled commands are ready to run.

Execution #198 output:
No scheduled commands are ready to run.

Execution #199 output:
No scheduled commands are ready to run.

Execution #200 output:
No scheduled commands are ready to run.

Execution #201 output:
No scheduled commands are ready to run.

Execution #202 output:
No scheduled commands are ready to run.

Execution #203 output:
No scheduled commands are ready to run.

Execution #204 output:
No scheduled commands are ready to run.

Execution #205 output:
No scheduled commands are ready to run.

Execution #206 output:
No scheduled commands are ready to run.

Execution #207 output:
No scheduled commands are ready to run.

Execution #208 output:
No scheduled commands are ready to run.

Execution #209 output:
No scheduled commands are ready to run.

Execution #210 output:
No scheduled commands are ready to run.

Execution #211 output:
No scheduled commands are ready to run.

Execution #212 output:
No scheduled commands are ready to run.

Execution #213 output:
No scheduled commands are ready to run.

Execution #214 output:
No scheduled commands are ready to run.

Execution #215 output:
No scheduled commands are ready to run.

Execution #216 output:
No scheduled commands are ready to run.

Execution #217 output:
No scheduled commands are ready to run.

Execution #218 output:
No scheduled commands are ready to run.

Execution #219 output:
No scheduled commands are ready to run.

Execution #220 output:
No scheduled commands are ready to run.

Execution #221 output:
No scheduled commands are ready to run.

Execution #222 output:
No scheduled commands are ready to run.

Execution #223 output:
No scheduled commands are ready to run.

Execution #224 output:
No scheduled commands are ready to run.

Execution #225 output:
No scheduled commands are ready to run.

Execution #226 output:
No scheduled commands are ready to run.

Execution #227 output:
No scheduled commands are ready to run.

Execution #228 output:
No scheduled commands are ready to run.

Execution #229 output:
No scheduled commands are ready to run.

Execution #230 output:
No scheduled commands are ready to run.

Execution #231 output:
No scheduled commands are ready to run.

Execution #232 output:
No scheduled commands are ready to run.

Execution #233 output:
No scheduled commands are ready to run.

Execution #234 output:
No scheduled commands are ready to run.

Execution #235 output:
No scheduled commands are ready to run.

Execution #236 output:
No scheduled commands are ready to run.

Execution #237 output:
No scheduled commands are ready to run.

Execution #238 output:
No scheduled commands are ready to run.

Execution #239 output:
No scheduled commands are ready to run.

Execution #240 output:
No scheduled commands are ready to run.

Execution #241 output:
No scheduled commands are ready to run.

Execution #242 output:
No scheduled commands are ready to run.

Execution #243 output:
No scheduled commands are ready to run.

Execution #244 output:
No scheduled commands are ready to run.

Execution #245 output:
No scheduled commands are ready to run.

Execution #246 output:
No scheduled commands are ready to run.

Execution #247 output:
No scheduled commands are ready to run.

Execution #248 output:
No scheduled commands are ready to run.

Execution #249 output:
No scheduled commands are ready to run.

Execution #250 output:
No scheduled commands are ready to run.

Execution #251 output:
No scheduled commands are ready to run.

Execution #252 output:
No scheduled commands are ready to run.

Execution #253 output:
No scheduled commands are ready to run.

Execution #254 output:
No scheduled commands are ready to run.

Execution #255 output:
No scheduled commands are ready to run.

Execution #256 output:
No scheduled commands are ready to run.

Execution #257 output:
No scheduled commands are ready to run.

Execution #258 output:
No scheduled commands are ready to run.

Execution #259 output:
No scheduled commands are ready to run.

Execution #260 output:
No scheduled commands are ready to run.

Execution #261 output:
No scheduled commands are ready to run.

Execution #262 output:
No scheduled commands are ready to run.

Execution #263 output:
No scheduled commands are ready to run.

Execution #264 output:
No scheduled commands are ready to run.

Execution #265 output:
No scheduled commands are ready to run.

Execution #266 output:
No scheduled commands are ready to run.

Execution #267 output:
No scheduled commands are ready to run.

Execution #268 output:
No scheduled commands are ready to run.

Execution #269 output:
No scheduled commands are ready to run.

Execution #270 output:
No scheduled commands are ready to run.

Execution #271 output:
No scheduled commands are ready to run.

Execution #272 output:
No scheduled commands are ready to run.

Execution #273 output:
No scheduled commands are ready to run.

Execution #274 output:
No scheduled commands are ready to run.

Execution #275 output:
No scheduled commands are ready to run.

Execution #276 output:
No scheduled commands are ready to run.

Execution #277 output:
No scheduled commands are ready to run.

Execution #278 output:
No scheduled commands are ready to run.

Execution #279 output:
No scheduled commands are ready to run.

Execution #280 output:
No scheduled commands are ready to run.

Execution #281 output:
No scheduled commands are ready to run.

Execution #282 output:
No scheduled commands are ready to run.

Execution #283 output:
No scheduled commands are ready to run.

Execution #284 output:
No scheduled commands are ready to run.

Execution #285 output:
No scheduled commands are ready to run.

Execution #286 output:
No scheduled commands are ready to run.

Execution #287 output:
No scheduled commands are ready to run.

Execution #288 output:
No scheduled commands are ready to run.

Execution #289 output:
No scheduled commands are ready to run.

Execution #290 output:
No scheduled commands are ready to run.

Execution #291 output:
No scheduled commands are ready to run.

Execution #292 output:
No scheduled commands are ready to run.

Execution #293 output:
No scheduled commands are ready to run.

Execution #294 output:
No scheduled commands are ready to run.

Execution #295 output:
No scheduled commands are ready to run.

Execution #296 output:
No scheduled commands are ready to run.

Execution #297 output:
No scheduled commands are ready to run.

Execution #298 output:
No scheduled commands are ready to run.

Execution #299 output:
No scheduled commands are ready to run.

Execution #300 output:
No scheduled commands are ready to run.

Execution #301 output:
No scheduled commands are ready to run.

Execution #302 output:
No scheduled commands are ready to run.

Execution #303 output:
No scheduled commands are ready to run.

Execution #304 output:
No scheduled commands are ready to run.

Execution #305 output:
No scheduled commands are ready to run.

Execution #306 output:
No scheduled commands are ready to run.

Execution #307 output:
No scheduled commands are ready to run.

Execution #308 output:
No scheduled commands are ready to run.

Execution #309 output:
No scheduled commands are ready to run.

Execution #310 output:
No scheduled commands are ready to run.

Execution #311 output:
No scheduled commands are ready to run.

Execution #312 output:
No scheduled commands are ready to run.

Execution #313 output:
No scheduled commands are ready to run.

Execution #314 output:
No scheduled commands are ready to run.

Execution #315 output:
No scheduled commands are ready to run.

Execution #316 output:
No scheduled commands are ready to run.

Execution #317 output:
No scheduled commands are ready to run.

Execution #318 output:
No scheduled commands are ready to run.

Execution #319 output:
No scheduled commands are ready to run.

Execution #320 output:
No scheduled commands are ready to run.

Execution #321 output:
No scheduled commands are ready to run.

Execution #322 output:
No scheduled commands are ready to run.

Execution #323 output:
No scheduled commands are ready to run.

Execution #324 output:
No scheduled commands are ready to run.

Execution #325 output:
No scheduled commands are ready to run.

Execution #326 output:
No scheduled commands are ready to run.

Execution #327 output:
No scheduled commands are ready to run.

Execution #328 output:
No scheduled commands are ready to run.

Execution #329 output:
No scheduled commands are ready to run.

Execution #330 output:
No scheduled commands are ready to run.

Execution #331 output:
No scheduled commands are ready to run.

Execution #332 output:
No scheduled commands are ready to run.

Execution #333 output:
No scheduled commands are ready to run.

Execution #334 output:
No scheduled commands are ready to run.

Execution #335 output:
No scheduled commands are ready to run.

Execution #336 output:
No scheduled commands are ready to run.

Execution #337 output:
No scheduled commands are ready to run.

Execution #338 output:
No scheduled commands are ready to run.

Execution #339 output:
No scheduled commands are ready to run.

Execution #340 output:
No scheduled commands are ready to run.

Execution #341 output:
No scheduled commands are ready to run.

Execution #342 output:
No scheduled commands are ready to run.

Execution #343 output:
No scheduled commands are ready to run.

Execution #344 output:
No scheduled commands are ready to run.

Execution #345 output:
No scheduled commands are ready to run.

Execution #346 output:
No scheduled commands are ready to run.

Execution #347 output:
No scheduled commands are ready to run.

Execution #348 output:
No scheduled commands are ready to run.

Execution #349 output:
No scheduled commands are ready to run.

Execution #350 output:
No scheduled commands are ready to run.

Execution #351 output:
No scheduled commands are ready to run.

Execution #352 output:
No scheduled commands are ready to run.

Execution #353 output:
No scheduled commands are ready to run.

Execution #354 output:
No scheduled commands are ready to run.

Execution #355 output:
No scheduled commands are ready to run.

Execution #356 output:
No scheduled commands are ready to run.

Execution #357 output:
No scheduled commands are ready to run.

Execution #358 output:
No scheduled commands are ready to run.

Execution #359 output:
No scheduled commands are ready to run.

Execution #360 output:
No scheduled commands are ready to run.

Execution #361 output:
No scheduled commands are ready to run.

Execution #362 output:
No scheduled commands are ready to run.

Execution #363 output:
No scheduled commands are ready to run.

Execution #364 output:
No scheduled commands are ready to run.

Execution #365 output:
No scheduled commands are ready to run.

Execution #366 output:
No scheduled commands are ready to run.

Execution #367 output:
No scheduled commands are ready to run.

Execution #368 output:
No scheduled commands are ready to run.

Execution #369 output:
No scheduled commands are ready to run.

Execution #370 output:
No scheduled commands are ready to run.

Execution #371 output:
No scheduled commands are ready to run.

Execution #372 output:
No scheduled commands are ready to run.

Execution #373 output:
No scheduled commands are ready to run.

Execution #374 output:
No scheduled commands are ready to run.

Execution #375 output:
No scheduled commands are ready to run.

Execution #376 output:
No scheduled commands are ready to run.

Execution #377 output:
No scheduled commands are ready to run.

Execution #378 output:
No scheduled commands are ready to run.

Execution #379 output:
No scheduled commands are ready to run.

Execution #380 output:
No scheduled commands are ready to run.

Execution #381 output:
No scheduled commands are ready to run.

Execution #382 output:
No scheduled commands are ready to run.

Execution #383 output:
No scheduled commands are ready to run.

Execution #384 output:
No scheduled commands are ready to run.

Execution #385 output:
No scheduled commands are ready to run.

Execution #386 output:
No scheduled commands are ready to run.

Execution #387 output:
No scheduled commands are ready to run.

Execution #388 output:
No scheduled commands are ready to run.

Execution #389 output:
No scheduled commands are ready to run.

Execution #390 output:
No scheduled commands are ready to run.

Execution #391 output:
No scheduled commands are ready to run.

Execution #392 output:
No scheduled commands are ready to run.

Execution #393 output:
No scheduled commands are ready to run.

Execution #394 output:
No scheduled commands are ready to run.

Execution #395 output:
No scheduled commands are ready to run.

Execution #396 output:
No scheduled commands are ready to run.

Execution #397 output:
No scheduled commands are ready to run.

Execution #398 output:
No scheduled commands are ready to run.

Execution #399 output:
No scheduled commands are ready to run.

Execution #400 output:
No scheduled commands are ready to run.

Execution #401 output:
No scheduled commands are ready to run.

Execution #402 output:
No scheduled commands are ready to run.

Execution #403 output:
No scheduled commands are ready to run.

Execution #404 output:
No scheduled commands are ready to run.

Execution #405 output:
No scheduled commands are ready to run.

Execution #406 output:
No scheduled commands are ready to run.

Execution #407 output:
No scheduled commands are ready to run.

Execution #408 output:
No scheduled commands are ready to run.

Execution #409 output:
No scheduled commands are ready to run.

Execution #410 output:
No scheduled commands are ready to run.

Execution #411 output:
No scheduled commands are ready to run.

Execution #412 output:
No scheduled commands are ready to run.

Execution #413 output:
No scheduled commands are ready to run.

Execution #414 output:
No scheduled commands are ready to run.

Execution #415 output:
No scheduled commands are ready to run.

Execution #416 output:
No scheduled commands are ready to run.

Execution #417 output:
No scheduled commands are ready to run.

Execution #418 output:
No scheduled commands are ready to run.

Execution #419 output:
No scheduled commands are ready to run.

Execution #420 output:
No scheduled commands are ready to run.

Execution #421 output:
No scheduled commands are ready to run.

Execution #422 output:
No scheduled commands are ready to run.

Execution #423 output:
No scheduled commands are ready to run.

Execution #424 output:
No scheduled commands are ready to run.

Execution #425 output:
No scheduled commands are ready to run.

Execution #426 output:
No scheduled commands are ready to run.

Execution #427 output:
No scheduled commands are ready to run.

Execution #428 output:
No scheduled commands are ready to run.

Execution #429 output:
No scheduled commands are ready to run.

Execution #430 output:
No scheduled commands are ready to run.

Execution #431 output:
No scheduled commands are ready to run.

Execution #432 output:
No scheduled commands are ready to run.

Execution #433 output:
No scheduled commands are ready to run.

Execution #434 output:
No scheduled commands are ready to run.

Execution #435 output:
No scheduled commands are ready to run.

Execution #436 output:
No scheduled commands are ready to run.

Execution #437 output:
No scheduled commands are ready to run.

Execution #438 output:
No scheduled commands are ready to run.

Execution #439 output:
No scheduled commands are ready to run.

Execution #440 output:
No scheduled commands are ready to run.

Execution #441 output:
No scheduled commands are ready to run.

Execution #442 output:
No scheduled commands are ready to run.

Execution #443 output:
No scheduled commands are ready to run.

Execution #444 output:
No scheduled commands are ready to run.

Execution #445 output:
No scheduled commands are ready to run.

Execution #446 output:
No scheduled commands are ready to run.

Execution #447 output:
No scheduled commands are ready to run.

Execution #448 output:
No scheduled commands are ready to run.

Execution #449 output:
No scheduled commands are ready to run.

Execution #450 output:
No scheduled commands are ready to run.

Execution #451 output:
No scheduled commands are ready to run.

Execution #452 output:
No scheduled commands are ready to run.

Execution #453 output:
No scheduled commands are ready to run.

Execution #454 output:
No scheduled commands are ready to run.

Execution #455 output:
No scheduled commands are ready to run.

Execution #456 output:
No scheduled commands are ready to run.

Execution #457 output:
No scheduled commands are ready to run.

Execution #458 output:
No scheduled commands are ready to run.

Execution #459 output:
No scheduled commands are ready to run.

Execution #460 output:
No scheduled commands are ready to run.

Execution #461 output:
No scheduled commands are ready to run.

Execution #462 output:
No scheduled commands are ready to run.

Execution #463 output:
No scheduled commands are ready to run.

Execution #464 output:
No scheduled commands are ready to run.

Execution #465 output:
No scheduled commands are ready to run.

Execution #466 output:
No scheduled commands are ready to run.

Execution #467 output:
No scheduled commands are ready to run.

Execution #468 output:
No scheduled commands are ready to run.

Execution #469 output:
No scheduled commands are ready to run.

Execution #470 output:
No scheduled commands are ready to run.

Execution #471 output:
No scheduled commands are ready to run.

Execution #472 output:
No scheduled commands are ready to run.

Execution #473 output:
No scheduled commands are ready to run.

Execution #474 output:
No scheduled commands are ready to run.

Execution #475 output:
No scheduled commands are ready to run.

Execution #476 output:
No scheduled commands are ready to run.

Execution #477 output:
No scheduled commands are ready to run.

Execution #478 output:
No scheduled commands are ready to run.

Execution #479 output:
No scheduled commands are ready to run.

Execution #480 output:
No scheduled commands are ready to run.

Execution #481 output:
No scheduled commands are ready to run.

Execution #482 output:
No scheduled commands are ready to run.

Execution #483 output:
No scheduled commands are ready to run.

Execution #484 output:
No scheduled commands are ready to run.

Execution #485 output:
No scheduled commands are ready to run.

Execution #486 output:
No scheduled commands are ready to run.

Execution #487 output:
No scheduled commands are ready to run.

Execution #488 output:
No scheduled commands are ready to run.

Execution #489 output:
No scheduled commands are ready to run.

Execution #490 output:
No scheduled commands are ready to run.

Execution #491 output:
No scheduled commands are ready to run.

Execution #492 output:
No scheduled commands are ready to run.

Execution #493 output:
No scheduled commands are ready to run.

Execution #494 output:
No scheduled commands are ready to run.

Execution #495 output:
No scheduled commands are ready to run.

Execution #496 output:
No scheduled commands are ready to run.

Execution #497 output:
No scheduled commands are ready to run.

Execution #498 output:
No scheduled commands are ready to run.

Execution #499 output:
No scheduled commands are ready to run.

Execution #500 output:
No scheduled commands are ready to run.

Execution #501 output:
No scheduled commands are ready to run.

Execution #502 output:
No scheduled commands are ready to run.

Execution #503 output:
No scheduled commands are ready to run.

Execution #504 output:
No scheduled commands are ready to run.

Execution #505 output:
No scheduled commands are ready to run.

Execution #506 output:
No scheduled commands are ready to run.

Execution #507 output:
No scheduled commands are ready to run.

Execution #508 output:
No scheduled commands are ready to run.

Execution #509 output:
No scheduled commands are ready to run.

Execution #510 output:
No scheduled commands are ready to run.

Execution #511 output:
No scheduled commands are ready to run.

Execution #512 output:
No scheduled commands are ready to run.

Execution #513 output:
No scheduled commands are ready to run.

Execution #514 output:
No scheduled commands are ready to run.

Execution #515 output:
No scheduled commands are ready to run.

Execution #516 output:
No scheduled commands are ready to run.

Execution #517 output:
No scheduled commands are ready to run.

Execution #518 output:
No scheduled commands are ready to run.

Execution #519 output:
No scheduled commands are ready to run.

Execution #520 output:
No scheduled commands are ready to run.

Execution #521 output:
No scheduled commands are ready to run.

Execution #522 output:
No scheduled commands are ready to run.

Execution #523 output:
No scheduled commands are ready to run.

Execution #524 output:
No scheduled commands are ready to run.

Execution #525 output:
No scheduled commands are ready to run.

Execution #526 output:
No scheduled commands are ready to run.

Execution #527 output:
No scheduled commands are ready to run.

Execution #528 output:
No scheduled commands are ready to run.

Execution #529 output:
No scheduled commands are ready to run.

Execution #530 output:
No scheduled commands are ready to run.

Execution #531 output:
No scheduled commands are ready to run.

Execution #532 output:
No scheduled commands are ready to run.

Execution #533 output:
No scheduled commands are ready to run.

Execution #534 output:
No scheduled commands are ready to run.

Execution #535 output:
No scheduled commands are ready to run.

Execution #536 output:
No scheduled commands are ready to run.

Execution #537 output:
No scheduled commands are ready to run.

Execution #538 output:
No scheduled commands are ready to run.

Execution #539 output:
No scheduled commands are ready to run.

Execution #540 output:
No scheduled commands are ready to run.

Execution #541 output:
No scheduled commands are ready to run.

Execution #542 output:
No scheduled commands are ready to run.

Execution #543 output:
No scheduled commands are ready to run.

Execution #544 output:
No scheduled commands are ready to run.

Execution #545 output:
No scheduled commands are ready to run.

Execution #546 output:
No scheduled commands are ready to run.

Execution #547 output:
No scheduled commands are ready to run.

Execution #548 output:
No scheduled commands are ready to run.

Execution #549 output:
No scheduled commands are ready to run.

Execution #550 output:
No scheduled commands are ready to run.

Execution #551 output:
No scheduled commands are ready to run.

Execution #552 output:
No scheduled commands are ready to run.

Execution #553 output:
No scheduled commands are ready to run.

Execution #554 output:
No scheduled commands are ready to run.

Execution #555 output:
No scheduled commands are ready to run.

Execution #556 output:
No scheduled commands are ready to run.

Execution #557 output:
No scheduled commands are ready to run.

Execution #558 output:
No scheduled commands are ready to run.

Execution #559 output:
No scheduled commands are ready to run.

Execution #560 output:
No scheduled commands are ready to run.

Execution #561 output:
No scheduled commands are ready to run.

Execution #562 output:
No scheduled commands are ready to run.

Execution #563 output:
No scheduled commands are ready to run.

Execution #564 output:
No scheduled commands are ready to run.

Execution #565 output:
No scheduled commands are ready to run.

Execution #566 output:
No scheduled commands are ready to run.

Execution #567 output:
No scheduled commands are ready to run.

Execution #568 output:
No scheduled commands are ready to run.

Execution #569 output:
No scheduled commands are ready to run.

Execution #570 output:
No scheduled commands are ready to run.

Execution #571 output:
No scheduled commands are ready to run.

Execution #572 output:
No scheduled commands are ready to run.

Execution #573 output:
No scheduled commands are ready to run.

Execution #574 output:
No scheduled commands are ready to run.

Execution #575 output:
No scheduled commands are ready to run.

Execution #576 output:
No scheduled commands are ready to run.

Execution #577 output:
No scheduled commands are ready to run.

Execution #578 output:
No scheduled commands are ready to run.

Execution #579 output:
No scheduled commands are ready to run.

Execution #580 output:
No scheduled commands are ready to run.

Execution #581 output:
No scheduled commands are ready to run.

Execution #582 output:
No scheduled commands are ready to run.

Execution #583 output:
No scheduled commands are ready to run.

Execution #584 output:
No scheduled commands are ready to run.

Execution #585 output:
No scheduled commands are ready to run.

Execution #586 output:
No scheduled commands are ready to run.

Execution #587 output:
No scheduled commands are ready to run.

Execution #588 output:
No scheduled commands are ready to run.

Execution #589 output:
No scheduled commands are ready to run.

Execution #590 output:
No scheduled commands are ready to run.

Execution #591 output:
No scheduled commands are ready to run.

Execution #592 output:
No scheduled commands are ready to run.

Execution #593 output:
No scheduled commands are ready to run.

Execution #594 output:
No scheduled commands are ready to run.

Execution #595 output:
No scheduled commands are ready to run.

Execution #596 output:
No scheduled commands are ready to run.

Execution #597 output:
No scheduled commands are ready to run.

Execution #598 output:
No scheduled commands are ready to run.

Execution #599 output:
No scheduled commands are ready to run.

Execution #600 output:
No scheduled commands are ready to run.

Execution #601 output:
No scheduled commands are ready to run.

Execution #602 output:
No scheduled commands are ready to run.

Execution #603 output:
No scheduled commands are ready to run.

Execution #604 output:
No scheduled commands are ready to run.

Execution #605 output:
No scheduled commands are ready to run.

Execution #606 output:
No scheduled commands are ready to run.

Execution #607 output:
No scheduled commands are ready to run.

Execution #608 output:
No scheduled commands are ready to run.

Execution #609 output:
No scheduled commands are ready to run.

Execution #610 output:
No scheduled commands are ready to run.

Execution #611 output:
No scheduled commands are ready to run.

Execution #612 output:
No scheduled commands are ready to run.

Execution #613 output:
No scheduled commands are ready to run.

Execution #614 output:
No scheduled commands are ready to run.

Execution #615 output:
No scheduled commands are ready to run.

Execution #616 output:
No scheduled commands are ready to run.

Execution #617 output:
No scheduled commands are ready to run.

Execution #618 output:
No scheduled commands are ready to run.

Execution #619 output:
No scheduled commands are ready to run.

Execution #620 output:
No scheduled commands are ready to run.

Execution #621 output:
No scheduled commands are ready to run.

Execution #622 output:
No scheduled commands are ready to run.

Execution #623 output:
No scheduled commands are ready to run.

Execution #624 output:
No scheduled commands are ready to run.

Execution #625 output:
No scheduled commands are ready to run.

Execution #626 output:
No scheduled commands are ready to run.

Execution #627 output:
No scheduled commands are ready to run.

Execution #628 output:
No scheduled commands are ready to run.

Execution #629 output:
No scheduled commands are ready to run.

Execution #630 output:
No scheduled commands are ready to run.

Execution #631 output:
No scheduled commands are ready to run.

Execution #632 output:
No scheduled commands are ready to run.

Execution #633 output:
No scheduled commands are ready to run.

Execution #634 output:
No scheduled commands are ready to run.

Execution #635 output:
No scheduled commands are ready to run.

Execution #636 output:
No scheduled commands are ready to run.

Execution #637 output:
No scheduled commands are ready to run.

Execution #638 output:
No scheduled commands are ready to run.

Execution #639 output:
No scheduled commands are ready to run.

Execution #640 output:
No scheduled commands are ready to run.

Execution #641 output:
No scheduled commands are ready to run.

Execution #642 output:
No scheduled commands are ready to run.

Execution #643 output:
No scheduled commands are ready to run.

Execution #644 output:
No scheduled commands are ready to run.

Execution #645 output:
No scheduled commands are ready to run.

Execution #646 output:
No scheduled commands are ready to run.

Execution #647 output:
No scheduled commands are ready to run.

Execution #648 output:
No scheduled commands are ready to run.

Execution #649 output:
No scheduled commands are ready to run.

Execution #650 output:
No scheduled commands are ready to run.

Execution #651 output:
No scheduled commands are ready to run.

Execution #652 output:
No scheduled commands are ready to run.

Execution #653 output:
No scheduled commands are ready to run.

Execution #654 output:
No scheduled commands are ready to run.

Execution #655 output:
No scheduled commands are ready to run.

Execution #656 output:
No scheduled commands are ready to run.

Execution #657 output:
No scheduled commands are ready to run.

Execution #658 output:
No scheduled commands are ready to run.

Execution #659 output:
No scheduled commands are ready to run.

Execution #660 output:
No scheduled commands are ready to run.

Execution #661 output:
No scheduled commands are ready to run.

Execution #662 output:
No scheduled commands are ready to run.

Execution #663 output:
No scheduled commands are ready to run.

Execution #664 output:
No scheduled commands are ready to run.

Execution #665 output:
No scheduled commands are ready to run.

Execution #666 output:
No scheduled commands are ready to run.

Execution #667 output:
No scheduled commands are ready to run.

Execution #668 output:
No scheduled commands are ready to run.

Execution #669 output:
No scheduled commands are ready to run.

Execution #670 output:
No scheduled commands are ready to run.

Execution #671 output:
No scheduled commands are ready to run.

Execution #672 output:
No scheduled commands are ready to run.

Execution #673 output:
No scheduled commands are ready to run.

Execution #674 output:
No scheduled commands are ready to run.

Execution #675 output:
No scheduled commands are ready to run.

Execution #676 output:
No scheduled commands are ready to run.

Execution #677 output:
No scheduled commands are ready to run.

Execution #678 output:
No scheduled commands are ready to run.

Execution #679 output:
No scheduled commands are ready to run.

Execution #680 output:
No scheduled commands are ready to run.

Execution #681 output:
No scheduled commands are ready to run.

Execution #682 output:
No scheduled commands are ready to run.

Execution #683 output:
No scheduled commands are ready to run.

Execution #684 output:
No scheduled commands are ready to run.

Execution #685 output:
No scheduled commands are ready to run.

Execution #686 output:
No scheduled commands are ready to run.

Execution #687 output:
No scheduled commands are ready to run.

Execution #688 output:
No scheduled commands are ready to run.

Execution #689 output:
No scheduled commands are ready to run.

Execution #690 output:
No scheduled commands are ready to run.

Execution #691 output:
No scheduled commands are ready to run.

Execution #692 output:
No scheduled commands are ready to run.

Execution #693 output:
No scheduled commands are ready to run.

Execution #694 output:
No scheduled commands are ready to run.

Execution #695 output:
No scheduled commands are ready to run.

Execution #696 output:
No scheduled commands are ready to run.

Execution #697 output:
No scheduled commands are ready to run.

Execution #698 output:
No scheduled commands are ready to run.

Execution #699 output:
No scheduled commands are ready to run.

Execution #700 output:
No scheduled commands are ready to run.

Execution #701 output:
No scheduled commands are ready to run.

Execution #702 output:
No scheduled commands are ready to run.

Execution #703 output:
No scheduled commands are ready to run.

Execution #704 output:
No scheduled commands are ready to run.

Execution #705 output:
No scheduled commands are ready to run.

Execution #706 output:
No scheduled commands are ready to run.

Execution #707 output:
No scheduled commands are ready to run.

Execution #708 output:
No scheduled commands are ready to run.

Execution #709 output:
No scheduled commands are ready to run.

Execution #710 output:
No scheduled commands are ready to run.

Execution #711 output:
No scheduled commands are ready to run.

Execution #712 output:
No scheduled commands are ready to run.

Execution #713 output:
No scheduled commands are ready to run.

Execution #714 output:
No scheduled commands are ready to run.

Execution #715 output:
No scheduled commands are ready to run.

Execution #716 output:
No scheduled commands are ready to run.

Execution #717 output:
No scheduled commands are ready to run.

Execution #718 output:
No scheduled commands are ready to run.

Execution #719 output:
No scheduled commands are ready to run.

Execution #720 output:
No scheduled commands are ready to run.

Execution #721 output:
No scheduled commands are ready to run.

Execution #722 output:
No scheduled commands are ready to run.

Execution #723 output:
No scheduled commands are ready to run.

Execution #724 output:
No scheduled commands are ready to run.

Execution #725 output:
No scheduled commands are ready to run.

Execution #726 output:
No scheduled commands are ready to run.

Execution #727 output:
No scheduled commands are ready to run.

Execution #728 output:
No scheduled commands are ready to run.

Execution #729 output:
No scheduled commands are ready to run.

Execution #730 output:
No scheduled commands are ready to run.

Execution #731 output:
No scheduled commands are ready to run.

Execution #732 output:
No scheduled commands are ready to run.

Execution #733 output:
No scheduled commands are ready to run.

Execution #734 output:
No scheduled commands are ready to run.

Execution #735 output:
No scheduled commands are ready to run.

Execution #736 output:
No scheduled commands are ready to run.

Execution #737 output:
No scheduled commands are ready to run.

Execution #738 output:
No scheduled commands are ready to run.

Execution #739 output:
No scheduled commands are ready to run.

Execution #740 output:
No scheduled commands are ready to run.

Execution #741 output:
No scheduled commands are ready to run.

Execution #742 output:
No scheduled commands are ready to run.

Execution #743 output:
No scheduled commands are ready to run.

Execution #744 output:
No scheduled commands are ready to run.

Execution #745 output:
No scheduled commands are ready to run.

Execution #746 output:
No scheduled commands are ready to run.

Execution #747 output:
No scheduled commands are ready to run.

Execution #748 output:
No scheduled commands are ready to run.

Execution #749 output:
No scheduled commands are ready to run.

Execution #750 output:
No scheduled commands are ready to run.

Execution #751 output:
No scheduled commands are ready to run.

Execution #752 output:
No scheduled commands are ready to run.

Execution #753 output:
No scheduled commands are ready to run.

Execution #754 output:
No scheduled commands are ready to run.

Execution #755 output:
No scheduled commands are ready to run.

Execution #756 output:
No scheduled commands are ready to run.

Execution #757 output:
No scheduled commands are ready to run.

Execution #758 output:
No scheduled commands are ready to run.

Execution #759 output:
No scheduled commands are ready to run.

Execution #760 output:
No scheduled commands are ready to run.

Execution #761 output:
No scheduled commands are ready to run.

Execution #762 output:
No scheduled commands are ready to run.

Execution #763 output:
No scheduled commands are ready to run.

Execution #764 output:
No scheduled commands are ready to run.

Execution #765 output:
No scheduled commands are ready to run.

Execution #766 output:
No scheduled commands are ready to run.

Execution #767 output:
No scheduled commands are ready to run.

Execution #768 output:
No scheduled commands are ready to run.

Execution #769 output:
No scheduled commands are ready to run.

Execution #770 output:
No scheduled commands are ready to run.

Execution #771 output:
No scheduled commands are ready to run.

Execution #772 output:
No scheduled commands are ready to run.

Execution #773 output:
No scheduled commands are ready to run.

Execution #774 output:
No scheduled commands are ready to run.

Execution #775 output:
No scheduled commands are ready to run.

Execution #776 output:
No scheduled commands are ready to run.

Execution #777 output:
No scheduled commands are ready to run.

Execution #778 output:
No scheduled commands are ready to run.

Execution #779 output:
No scheduled commands are ready to run.

Execution #780 output:
No scheduled commands are ready to run.

Execution #781 output:
No scheduled commands are ready to run.

Execution #782 output:
No scheduled commands are ready to run.

Execution #783 output:
No scheduled commands are ready to run.

Execution #784 output:
No scheduled commands are ready to run.

Execution #785 output:
No scheduled commands are ready to run.

Execution #786 output:
No scheduled commands are ready to run.

Execution #787 output:
No scheduled commands are ready to run.

Execution #788 output:
No scheduled commands are ready to run.

Execution #789 output:
No scheduled commands are ready to run.

Execution #790 output:
No scheduled commands are ready to run.

Execution #791 output:
No scheduled commands are ready to run.

Execution #792 output:
No scheduled commands are ready to run.

Execution #793 output:
No scheduled commands are ready to run.

Execution #794 output:
No scheduled commands are ready to run.

Execution #795 output:
No scheduled commands are ready to run.

Execution #796 output:
No scheduled commands are ready to run.

Execution #797 output:
No scheduled commands are ready to run.

Execution #798 output:
No scheduled commands are ready to run.

Execution #799 output:
No scheduled commands are ready to run.

Execution #800 output:
No scheduled commands are ready to run.

Execution #801 output:
No scheduled commands are ready to run.

Execution #802 output:
No scheduled commands are ready to run.

Execution #803 output:
No scheduled commands are ready to run.

Execution #804 output:
No scheduled commands are ready to run.

Execution #805 output:
No scheduled commands are ready to run.

Execution #806 output:
No scheduled commands are ready to run.

Execution #807 output:
No scheduled commands are ready to run.

Execution #808 output:
No scheduled commands are ready to run.

Execution #809 output:
No scheduled commands are ready to run.

Execution #810 output:
No scheduled commands are ready to run.

Execution #811 output:
No scheduled commands are ready to run.

Execution #812 output:
No scheduled commands are ready to run.

Execution #813 output:
No scheduled commands are ready to run.

Execution #814 output:
No scheduled commands are ready to run.

Execution #815 output:
No scheduled commands are ready to run.

Execution #816 output:
No scheduled commands are ready to run.

Execution #817 output:
No scheduled commands are ready to run.

Execution #818 output:
No scheduled commands are ready to run.

Execution #819 output:
No scheduled commands are ready to run.

Execution #820 output:
No scheduled commands are ready to run.

Execution #821 output:
No scheduled commands are ready to run.

Execution #822 output:
No scheduled commands are ready to run.

Execution #823 output:
No scheduled commands are ready to run.

Execution #824 output:
No scheduled commands are ready to run.

Execution #825 output:
No scheduled commands are ready to run.

Execution #826 output:
No scheduled commands are ready to run.

Execution #827 output:
No scheduled commands are ready to run.

Execution #828 output:
No scheduled commands are ready to run.

Execution #829 output:
No scheduled commands are ready to run.

Execution #830 output:
No scheduled commands are ready to run.

Execution #831 output:
No scheduled commands are ready to run.

Execution #832 output:
No scheduled commands are ready to run.

Execution #833 output:
No scheduled commands are ready to run.

Execution #834 output:
No scheduled commands are ready to run.

Execution #835 output:
No scheduled commands are ready to run.

Execution #836 output:
No scheduled commands are ready to run.

Execution #837 output:
No scheduled commands are ready to run.

Execution #838 output:
No scheduled commands are ready to run.

Execution #839 output:
No scheduled commands are ready to run.

Execution #840 output:
No scheduled commands are ready to run.

Execution #841 output:
No scheduled commands are ready to run.

Execution #842 output:
No scheduled commands are ready to run.

Execution #843 output:
No scheduled commands are ready to run.

Execution #844 output:
No scheduled commands are ready to run.

Execution #845 output:
No scheduled commands are ready to run.

Execution #846 output:
No scheduled commands are ready to run.

Execution #847 output:
No scheduled commands are ready to run.

Execution #848 output:
No scheduled commands are ready to run.

Execution #849 output:
No scheduled commands are ready to run.

Execution #850 output:
No scheduled commands are ready to run.

Execution #851 output:
No scheduled commands are ready to run.

Execution #852 output:
No scheduled commands are ready to run.

Execution #853 output:
No scheduled commands are ready to run.

Execution #854 output:
No scheduled commands are ready to run.

Execution #855 output:
No scheduled commands are ready to run.

Execution #856 output:
No scheduled commands are ready to run.

Execution #857 output:
No scheduled commands are ready to run.

Execution #858 output:
No scheduled commands are ready to run.

Execution #859 output:
No scheduled commands are ready to run.

Execution #860 output:
No scheduled commands are ready to run.

Execution #861 output:
No scheduled commands are ready to run.

Execution #862 output:
No scheduled commands are ready to run.

Execution #863 output:
No scheduled commands are ready to run.

Execution #864 output:
No scheduled commands are ready to run.

Execution #865 output:
No scheduled commands are ready to run.

Execution #866 output:
No scheduled commands are ready to run.

Execution #867 output:
No scheduled commands are ready to run.

Execution #868 output:
No scheduled commands are ready to run.

Execution #869 output:
No scheduled commands are ready to run.

Execution #870 output:
No scheduled commands are ready to run.

Execution #871 output:
No scheduled commands are ready to run.

Execution #872 output:
No scheduled commands are ready to run.

Execution #873 output:
No scheduled commands are ready to run.

Execution #874 output:
No scheduled commands are ready to run.

Execution #875 output:
No scheduled commands are ready to run.

Execution #876 output:
No scheduled commands are ready to run.

Execution #877 output:
No scheduled commands are ready to run.

Execution #878 output:
No scheduled commands are ready to run.

Execution #879 output:
No scheduled commands are ready to run.

Execution #880 output:
No scheduled commands are ready to run.

Execution #881 output:
No scheduled commands are ready to run.

Execution #882 output:
No scheduled commands are ready to run.

Execution #883 output:
No scheduled commands are ready to run.

Execution #884 output:
No scheduled commands are ready to run.

Execution #885 output:
No scheduled commands are ready to run.

Execution #886 output:
No scheduled commands are ready to run.

Execution #887 output:
No scheduled commands are ready to run.

Execution #888 output:
No scheduled commands are ready to run.

Execution #889 output:
No scheduled commands are ready to run.

Execution #890 output:
No scheduled commands are ready to run.

Execution #891 output:
No scheduled commands are ready to run.

Execution #892 output:
No scheduled commands are ready to run.

Execution #893 output:
No scheduled commands are ready to run.

Execution #894 output:
No scheduled commands are ready to run.

Execution #895 output:
No scheduled commands are ready to run.

Execution #896 output:
No scheduled commands are ready to run.

Execution #897 output:
No scheduled commands are ready to run.

Execution #898 output:
No scheduled commands are ready to run.

Execution #899 output:
No scheduled commands are ready to run.

Execution #900 output:
No scheduled commands are ready to run.

Execution #901 output:
No scheduled commands are ready to run.

Execution #902 output:
No scheduled commands are ready to run.

Execution #903 output:
No scheduled commands are ready to run.

Execution #904 output:
No scheduled commands are ready to run.

Execution #905 output:
No scheduled commands are ready to run.

Execution #906 output:
No scheduled commands are ready to run.

Execution #907 output:
No scheduled commands are ready to run.

Execution #908 output:
No scheduled commands are ready to run.

Execution #909 output:
No scheduled commands are ready to run.

Execution #910 output:
No scheduled commands are ready to run.

Execution #911 output:
No scheduled commands are ready to run.

Execution #912 output:
No scheduled commands are ready to run.

Execution #913 output:
No scheduled commands are ready to run.

Execution #914 output:
No scheduled commands are ready to run.

Execution #915 output:
No scheduled commands are ready to run.

Execution #916 output:
No scheduled commands are ready to run.

Execution #917 output:
No scheduled commands are ready to run.

Execution #918 output:
No scheduled commands are ready to run.

Execution #919 output:
No scheduled commands are ready to run.

Execution #920 output:
No scheduled commands are ready to run.

Execution #921 output:
No scheduled commands are ready to run.

Execution #922 output:
No scheduled commands are ready to run.

Execution #923 output:
No scheduled commands are ready to run.

Execution #924 output:
No scheduled commands are ready to run.

Execution #925 output:
No scheduled commands are ready to run.

Execution #926 output:
No scheduled commands are ready to run.

Execution #927 output:
No scheduled commands are ready to run.

Execution #928 output:
No scheduled commands are ready to run.

Execution #929 output:
No scheduled commands are ready to run.

Execution #930 output:
No scheduled commands are ready to run.

Execution #931 output:
No scheduled commands are ready to run.

Execution #932 output:
No scheduled commands are ready to run.

Execution #933 output:
No scheduled commands are ready to run.

Execution #934 output:
No scheduled commands are ready to run.

Execution #935 output:
No scheduled commands are ready to run.

Execution #936 output:
No scheduled commands are ready to run.

Execution #937 output:
No scheduled commands are ready to run.

Execution #938 output:
No scheduled commands are ready to run.

Execution #939 output:
No scheduled commands are ready to run.

Execution #940 output:
No scheduled commands are ready to run.

Execution #941 output:
No scheduled commands are ready to run.

Execution #942 output:
No scheduled commands are ready to run.

Execution #943 output:
No scheduled commands are ready to run.

Execution #944 output:
No scheduled commands are ready to run.

Execution #945 output:
No scheduled commands are ready to run.

Execution #946 output:
No scheduled commands are ready to run.

Execution #947 output:
No scheduled commands are ready to run.

Execution #948 output:
No scheduled commands are ready to run.

Execution #949 output:
No scheduled commands are ready to run.

Execution #950 output:
No scheduled commands are ready to run.

Execution #951 output:
No scheduled commands are ready to run.

Execution #952 output:
No scheduled commands are ready to run.

Execution #953 output:
No scheduled commands are ready to run.

Execution #954 output:
No scheduled commands are ready to run.

Execution #955 output:
No scheduled commands are ready to run.

Execution #956 output:
No scheduled commands are ready to run.

Execution #957 output:
No scheduled commands are ready to run.

Execution #958 output:
No scheduled commands are ready to run.

Execution #959 output:
No scheduled commands are ready to run.

Execution #960 output:
No scheduled commands are ready to run.

Execution #961 output:
No scheduled commands are ready to run.

Execution #962 output:
No scheduled commands are ready to run.

Execution #963 output:
No scheduled commands are ready to run.

Execution #964 output:
No scheduled commands are ready to run.

Execution #965 output:
No scheduled commands are ready to run.

Execution #966 output:
No scheduled commands are ready to run.

Execution #967 output:
No scheduled commands are ready to run.

Execution #968 output:
No scheduled commands are ready to run.

Execution #969 output:
No scheduled commands are ready to run.

Execution #970 output:
No scheduled commands are ready to run.

Execution #971 output:
No scheduled commands are ready to run.

Execution #972 output:
No scheduled commands are ready to run.

Execution #973 output:
No scheduled commands are ready to run.

Execution #974 output:
No scheduled commands are ready to run.

Execution #975 output:
No scheduled commands are ready to run.

Execution #976 output:
No scheduled commands are ready to run.

Execution #977 output:
No scheduled commands are ready to run.

Execution #978 output:
No scheduled commands are ready to run.

Execution #979 output:
No scheduled commands are ready to run.

Execution #980 output:
No scheduled commands are ready to run.

Execution #981 output:
No scheduled commands are ready to run.

Execution #982 output:
No scheduled commands are ready to run.

Execution #983 output:
No scheduled commands are ready to run.

Execution #984 output:
No scheduled commands are ready to run.

Execution #985 output:
No scheduled commands are ready to run.

Execution #986 output:
No scheduled commands are ready to run.

Execution #987 output:
No scheduled commands are ready to run.

Execution #988 output:
No scheduled commands are ready to run.

Execution #989 output:
No scheduled commands are ready to run.

Execution #990 output:
No scheduled commands are ready to run.

Execution #991 output:
No scheduled commands are ready to run.

Execution #992 output:
No scheduled commands are ready to run.

Execution #993 output:
No scheduled commands are ready to run.

Execution #994 output:
No scheduled commands are ready to run.

Execution #995 output:
No scheduled commands are ready to run.

Execution #996 output:
No scheduled commands are ready to run.

Execution #997 output:
No scheduled commands are ready to run.

Execution #998 output:
No scheduled commands are ready to run.

Execution #999 output:
No scheduled commands are ready to run.

Execution #1000 output:
No scheduled commands are ready to run.

Execution #1001 output:
No scheduled commands are ready to run.

Execution #1002 output:
No scheduled commands are ready to run.

Execution #1003 output:
No scheduled commands are ready to run.

Execution #1004 output:
No scheduled commands are ready to run.

Execution #1005 output:
No scheduled commands are ready to run.

Execution #1006 output:
No scheduled commands are ready to run.

Execution #1007 output:
No scheduled commands are ready to run.

Execution #1008 output:
No scheduled commands are ready to run.

Execution #1009 output:
No scheduled commands are ready to run.

Execution #1010 output:
No scheduled commands are ready to run.

Execution #1011 output:
No scheduled commands are ready to run.

Execution #1012 output:
No scheduled commands are ready to run.

Execution #1013 output:
No scheduled commands are ready to run.

Execution #1014 output:
No scheduled commands are ready to run.

Execution #1015 output:
No scheduled commands are ready to run.

Execution #1016 output:
No scheduled commands are ready to run.

Execution #1017 output:
No scheduled commands are ready to run.

Execution #1018 output:
No scheduled commands are ready to run.

Execution #1019 output:
No scheduled commands are ready to run.

Execution #1020 output:
No scheduled commands are ready to run.

Execution #1021 output:
No scheduled commands are ready to run.

Execution #1022 output:
No scheduled commands are ready to run.

Execution #1023 output:
No scheduled commands are ready to run.

Execution #1024 output:
No scheduled commands are ready to run.

Execution #1025 output:
No scheduled commands are ready to run.

Execution #1026 output:
No scheduled commands are ready to run.

Execution #1027 output:
No scheduled commands are ready to run.

Execution #1028 output:
No scheduled commands are ready to run.

Execution #1029 output:
No scheduled commands are ready to run.

Execution #1030 output:
No scheduled commands are ready to run.

Execution #1031 output:
No scheduled commands are ready to run.

Execution #1032 output:
No scheduled commands are ready to run.

Execution #1033 output:
No scheduled commands are ready to run.

Execution #1034 output:
No scheduled commands are ready to run.

Execution #1035 output:
No scheduled commands are ready to run.

Execution #1036 output:
No scheduled commands are ready to run.

Execution #1037 output:
No scheduled commands are ready to run.

Execution #1038 output:
No scheduled commands are ready to run.

Execution #1039 output:
No scheduled commands are ready to run.

Execution #1040 output:
No scheduled commands are ready to run.

Execution #1041 output:
No scheduled commands are ready to run.

Execution #1042 output:
No scheduled commands are ready to run.

Execution #1043 output:
No scheduled commands are ready to run.

Execution #1044 output:
No scheduled commands are ready to run.

Execution #1045 output:
No scheduled commands are ready to run.

Execution #1046 output:
No scheduled commands are ready to run.

Execution #1047 output:
No scheduled commands are ready to run.

Execution #1048 output:
No scheduled commands are ready to run.

Execution #1049 output:
No scheduled commands are ready to run.

Execution #1050 output:
No scheduled commands are ready to run.

Execution #1051 output:
No scheduled commands are ready to run.

Execution #1052 output:
No scheduled commands are ready to run.

Execution #1053 output:
No scheduled commands are ready to run.

Execution #1054 output:
No scheduled commands are ready to run.

Execution #1055 output:
No scheduled commands are ready to run.

Execution #1056 output:
No scheduled commands are ready to run.

Execution #1057 output:
No scheduled commands are ready to run.

Execution #1058 output:
No scheduled commands are ready to run.

Execution #1059 output:
No scheduled commands are ready to run.

Execution #1060 output:
No scheduled commands are ready to run.

Execution #1061 output:
No scheduled commands are ready to run.

Execution #1062 output:
No scheduled commands are ready to run.

Execution #1063 output:
No scheduled commands are ready to run.

Execution #1064 output:
No scheduled commands are ready to run.

Execution #1065 output:
No scheduled commands are ready to run.

Execution #1066 output:
No scheduled commands are ready to run.

Execution #1067 output:
No scheduled commands are ready to run.

Execution #1068 output:
No scheduled commands are ready to run.

Execution #1069 output:
No scheduled commands are ready to run.

Execution #1070 output:
No scheduled commands are ready to run.

Execution #1071 output:
No scheduled commands are ready to run.

Execution #1072 output:
No scheduled commands are ready to run.

Execution #1073 output:
No scheduled commands are ready to run.

Execution #1074 output:
No scheduled commands are ready to run.

Execution #1075 output:
No scheduled commands are ready to run.

Execution #1076 output:
No scheduled commands are ready to run.

Execution #1077 output:
No scheduled commands are ready to run.

Execution #1078 output:
No scheduled commands are ready to run.

Execution #1079 output:
No scheduled commands are ready to run.

Execution #1080 output:
No scheduled commands are ready to run.

Execution #1081 output:
No scheduled commands are ready to run.

Execution #1082 output:
No scheduled commands are ready to run.

Execution #1083 output:
No scheduled commands are ready to run.

Execution #1084 output:
No scheduled commands are ready to run.

Execution #1085 output:
No scheduled commands are ready to run.

Execution #1086 output:
No scheduled commands are ready to run.

Execution #1087 output:
No scheduled commands are ready to run.

Execution #1088 output:
No scheduled commands are ready to run.

Execution #1089 output:
No scheduled commands are ready to run.

Execution #1090 output:
No scheduled commands are ready to run.

Execution #1091 output:
No scheduled commands are ready to run.

Execution #1092 output:
No scheduled commands are ready to run.

Execution #1093 output:
No scheduled commands are ready to run.

Execution #1094 output:
No scheduled commands are ready to run.

Execution #1095 output:
No scheduled commands are ready to run.

Execution #1096 output:
No scheduled commands are ready to run.

Execution #1097 output:
No scheduled commands are ready to run.

Execution #1098 output:
No scheduled commands are ready to run.

Execution #1099 output:
No scheduled commands are ready to run.

Execution #1100 output:
No scheduled commands are ready to run.

Execution #1101 output:
No scheduled commands are ready to run.

Execution #1102 output:
No scheduled commands are ready to run.

Execution #1103 output:
No scheduled commands are ready to run.

Execution #1104 output:
No scheduled commands are ready to run.

Execution #1105 output:
No scheduled commands are ready to run.

Execution #1106 output:
No scheduled commands are ready to run.

Execution #1107 output:
No scheduled commands are ready to run.

Execution #1108 output:
No scheduled commands are ready to run.

Execution #1109 output:
No scheduled commands are ready to run.

Execution #1110 output:
No scheduled commands are ready to run.

Execution #1111 output:
No scheduled commands are ready to run.

Execution #1112 output:
No scheduled commands are ready to run.

Execution #1113 output:
No scheduled commands are ready to run.

Execution #1114 output:
No scheduled commands are ready to run.

Execution #1115 output:
No scheduled commands are ready to run.

Execution #1116 output:
No scheduled commands are ready to run.

Execution #1117 output:
No scheduled commands are ready to run.

Execution #1118 output:
No scheduled commands are ready to run.

Execution #1119 output:
No scheduled commands are ready to run.

Execution #1120 output:
No scheduled commands are ready to run.

Execution #1121 output:
No scheduled commands are ready to run.

Execution #1122 output:
No scheduled commands are ready to run.

Execution #1123 output:
No scheduled commands are ready to run.

Execution #1124 output:
No scheduled commands are ready to run.

Execution #1125 output:
No scheduled commands are ready to run.

Execution #1126 output:
No scheduled commands are ready to run.

Execution #1127 output:
No scheduled commands are ready to run.

Execution #1128 output:
No scheduled commands are ready to run.

Execution #1129 output:
No scheduled commands are ready to run.

Execution #1130 output:
No scheduled commands are ready to run.

Execution #1131 output:
No scheduled commands are ready to run.

Execution #1132 output:
No scheduled commands are ready to run.

Execution #1133 output:
No scheduled commands are ready to run.

Execution #1134 output:
No scheduled commands are ready to run.

Execution #1135 output:
No scheduled commands are ready to run.

Execution #1136 output:
No scheduled commands are ready to run.

Execution #1137 output:
No scheduled commands are ready to run.

Execution #1138 output:
No scheduled commands are ready to run.

Execution #1139 output:
No scheduled commands are ready to run.

Execution #1140 output:
No scheduled commands are ready to run.

Execution #1141 output:
No scheduled commands are ready to run.

Execution #1142 output:
No scheduled commands are ready to run.

Execution #1143 output:
No scheduled commands are ready to run.

Execution #1144 output:
No scheduled commands are ready to run.

Execution #1145 output:
No scheduled commands are ready to run.

Execution #1146 output:
No scheduled commands are ready to run.

Execution #1147 output:
No scheduled commands are ready to run.

Execution #1148 output:
No scheduled commands are ready to run.

Execution #1149 output:
No scheduled commands are ready to run.

Execution #1150 output:
No scheduled commands are ready to run.

Execution #1151 output:
No scheduled commands are ready to run.

Execution #1152 output:
No scheduled commands are ready to run.

Execution #1153 output:
No scheduled commands are ready to run.

Execution #1154 output:
No scheduled commands are ready to run.

Execution #1155 output:
No scheduled commands are ready to run.

Execution #1156 output:
No scheduled commands are ready to run.

Execution #1157 output:
No scheduled commands are ready to run.

Execution #1158 output:
No scheduled commands are ready to run.

Execution #1159 output:
No scheduled commands are ready to run.

Execution #1160 output:
No scheduled commands are ready to run.

Execution #1161 output:
No scheduled commands are ready to run.

Execution #1162 output:
No scheduled commands are ready to run.

Execution #1163 output:
No scheduled commands are ready to run.

Execution #1164 output:
No scheduled commands are ready to run.

Execution #1165 output:
No scheduled commands are ready to run.

Execution #1166 output:
No scheduled commands are ready to run.

Execution #1167 output:
No scheduled commands are ready to run.

Execution #1168 output:
No scheduled commands are ready to run.

Execution #1169 output:
No scheduled commands are ready to run.

Execution #1170 output:
No scheduled commands are ready to run.

Execution #1171 output:
No scheduled commands are ready to run.

Execution #1172 output:
No scheduled commands are ready to run.

Execution #1173 output:
No scheduled commands are ready to run.

Execution #1174 output:
No scheduled commands are ready to run.

Execution #1175 output:
No scheduled commands are ready to run.

Execution #1176 output:
No scheduled commands are ready to run.

Execution #1177 output:
No scheduled commands are ready to run.

Execution #1178 output:
No scheduled commands are ready to run.

Execution #1179 output:
No scheduled commands are ready to run.

Execution #1180 output:
No scheduled commands are ready to run.

Execution #1181 output:
No scheduled commands are ready to run.

Execution #1182 output:
No scheduled commands are ready to run.

Execution #1183 output:
No scheduled commands are ready to run.

Execution #1184 output:
No scheduled commands are ready to run.

Execution #1185 output:
No scheduled commands are ready to run.

Execution #1186 output:
No scheduled commands are ready to run.

Execution #1187 output:
No scheduled commands are ready to run.

Execution #1188 output:
No scheduled commands are ready to run.

Execution #1189 output:
No scheduled commands are ready to run.

Execution #1190 output:
No scheduled commands are ready to run.

Execution #1191 output:
No scheduled commands are ready to run.

Execution #1192 output:
No scheduled commands are ready to run.

Execution #1193 output:
No scheduled commands are ready to run.

Execution #1194 output:
No scheduled commands are ready to run.

Execution #1195 output:
No scheduled commands are ready to run.

Execution #1196 output:
No scheduled commands are ready to run.

Execution #1197 output:
No scheduled commands are ready to run.

Execution #1198 output:
No scheduled commands are ready to run.

Execution #1199 output:
No scheduled commands are ready to run.

Execution #1200 output:
No scheduled commands are ready to run.

Execution #1201 output:
No scheduled commands are ready to run.

Execution #1202 output:
No scheduled commands are ready to run.

Execution #1203 output:
No scheduled commands are ready to run.

Execution #1204 output:
No scheduled commands are ready to run.

Execution #1205 output:
No scheduled commands are ready to run.

Execution #1206 output:
No scheduled commands are ready to run.

Execution #1207 output:
No scheduled commands are ready to run.

Execution #1208 output:
No scheduled commands are ready to run.

Execution #1209 output:
No scheduled commands are ready to run.

Execution #1210 output:
No scheduled commands are ready to run.

Execution #1211 output:
No scheduled commands are ready to run.

Execution #1212 output:
No scheduled commands are ready to run.

Execution #1213 output:
No scheduled commands are ready to run.

Execution #1214 output:
No scheduled commands are ready to run.

Execution #1215 output:
No scheduled commands are ready to run.

Execution #1216 output:
No scheduled commands are ready to run.

Execution #1217 output:
No scheduled commands are ready to run.

Execution #1218 output:
No scheduled commands are ready to run.

Execution #1219 output:
No scheduled commands are ready to run.

Execution #1220 output:
No scheduled commands are ready to run.

Execution #1221 output:
No scheduled commands are ready to run.

Execution #1222 output:
No scheduled commands are ready to run.

Execution #1223 output:
No scheduled commands are ready to run.

Execution #1224 output:
No scheduled commands are ready to run.

Execution #1225 output:
No scheduled commands are ready to run.

Execution #1226 output:
No scheduled commands are ready to run.

Execution #1227 output:
No scheduled commands are ready to run.

Execution #1228 output:
No scheduled commands are ready to run.

Execution #1229 output:
No scheduled commands are ready to run.

Execution #1230 output:
No scheduled commands are ready to run.

Execution #1231 output:
No scheduled commands are ready to run.

Execution #1232 output:
No scheduled commands are ready to run.

Execution #1233 output:
No scheduled commands are ready to run.

Execution #1234 output:
No scheduled commands are ready to run.

Execution #1235 output:
No scheduled commands are ready to run.

Execution #1236 output:
No scheduled commands are ready to run.

Execution #1237 output:
No scheduled commands are ready to run.

Execution #1238 output:
No scheduled commands are ready to run.

Execution #1239 output:
No scheduled commands are ready to run.

Execution #1240 output:
No scheduled commands are ready to run.

Execution #1241 output:
No scheduled commands are ready to run.

Execution #1242 output:
No scheduled commands are ready to run.

Execution #1243 output:
No scheduled commands are ready to run.

Execution #1244 output:
No scheduled commands are ready to run.

Execution #1245 output:
No scheduled commands are ready to run.

Execution #1246 output:
No scheduled commands are ready to run.

Execution #1247 output:
No scheduled commands are ready to run.

Execution #1248 output:
No scheduled commands are ready to run.

Execution #1249 output:
No scheduled commands are ready to run.

Execution #1250 output:
No scheduled commands are ready to run.

Execution #1251 output:
No scheduled commands are ready to run.

Execution #1252 output:
No scheduled commands are ready to run.

Execution #1253 output:
No scheduled commands are ready to run.

Execution #1254 output:
No scheduled commands are ready to run.

Execution #1255 output:
No scheduled commands are ready to run.

Execution #1256 output:
No scheduled commands are ready to run.

Execution #1257 output:
No scheduled commands are ready to run.

Execution #1258 output:
No scheduled commands are ready to run.

Execution #1259 output:
No scheduled commands are ready to run.

Execution #1260 output:
No scheduled commands are ready to run.

Execution #1261 output:
No scheduled commands are ready to run.

Execution #1262 output:
No scheduled commands are ready to run.

Execution #1263 output:
No scheduled commands are ready to run.

Execution #1264 output:
No scheduled commands are ready to run.

Execution #1265 output:
No scheduled commands are ready to run.

Execution #1266 output:
No scheduled commands are ready to run.

Execution #1267 output:
No scheduled commands are ready to run.

Execution #1268 output:
No scheduled commands are ready to run.

Execution #1269 output:
No scheduled commands are ready to run.

Execution #1270 output:
No scheduled commands are ready to run.

Execution #1271 output:
No scheduled commands are ready to run.

Execution #1272 output:
No scheduled commands are ready to run.

Execution #1273 output:
No scheduled commands are ready to run.

Execution #1274 output:
No scheduled commands are ready to run.

Execution #1275 output:
No scheduled commands are ready to run.

Execution #1276 output:
No scheduled commands are ready to run.

Execution #1277 output:
No scheduled commands are ready to run.

Execution #1278 output:
No scheduled commands are ready to run.

Execution #1279 output:
No scheduled commands are ready to run.

Execution #1280 output:
No scheduled commands are ready to run.

Execution #1281 output:
No scheduled commands are ready to run.

Execution #1282 output:
No scheduled commands are ready to run.

Execution #1283 output:
No scheduled commands are ready to run.

Execution #1284 output:
No scheduled commands are ready to run.

Execution #1285 output:
No scheduled commands are ready to run.

Execution #1286 output:
No scheduled commands are ready to run.

Execution #1287 output:
No scheduled commands are ready to run.

Execution #1288 output:
No scheduled commands are ready to run.

Execution #1289 output:
No scheduled commands are ready to run.

Execution #1290 output:
No scheduled commands are ready to run.

Execution #1291 output:
No scheduled commands are ready to run.

Execution #1292 output:
No scheduled commands are ready to run.

Execution #1293 output:
No scheduled commands are ready to run.

Execution #1294 output:
No scheduled commands are ready to run.

Execution #1295 output:
No scheduled commands are ready to run.

Execution #1296 output:
No scheduled commands are ready to run.

Execution #1297 output:
No scheduled commands are ready to run.

Execution #1298 output:
No scheduled commands are ready to run.

Execution #1299 output:
No scheduled commands are ready to run.

Execution #1300 output:
No scheduled commands are ready to run.

Execution #1301 output:
No scheduled commands are ready to run.

Execution #1302 output:
No scheduled commands are ready to run.

Execution #1303 output:
No scheduled commands are ready to run.

Execution #1304 output:
No scheduled commands are ready to run.

Execution #1305 output:
No scheduled commands are ready to run.

Execution #1306 output:
No scheduled commands are ready to run.

Execution #1307 output:
No scheduled commands are ready to run.

Execution #1308 output:
No scheduled commands are ready to run.

Execution #1309 output:
No scheduled commands are ready to run.

Execution #1310 output:
No scheduled commands are ready to run.

Execution #1311 output:
No scheduled commands are ready to run.

Execution #1312 output:
No scheduled commands are ready to run.
